<?xml version="1.0" encoding="UTF-8"?>
<!-- Generated by org.testng.reporters.JUnitXMLReporter -->
<testsuite hostname="xen-875" name="Default test" tests="3" failures="0" timestamp="8 Aug 2018 14:10:32 GMT" time="0.03" errors="0">
  <testcase name="loginApplication" time="0.009" classname="com.selflearn.automation.MultipleTestExecution"/>
  <testcase name="logoutApplication" time="0.003" classname="com.selflearn.automation.MultipleTestExecution"/>
  <testcase name="setUp" time="0.002" classname="com.selflearn.automation.MultipleTestExecution"/>
</testsuite> <!-- Default test -->
