<?xml version="1.0" encoding="UTF-8"?>
<!-- Generated by org.testng.reporters.JUnitXMLReporter -->
<testsuite hostname="xen-875" name="Test" tests="4" failures="0" timestamp="9 Aug 2018 10:52:42 GMT" time="10.311" errors="0">
  <testcase name="loginApplication" time="0.002" classname="com.selflearn.automation.MultipleTestExecution"/>
  <testcase name="logoutApplication" time="0.002" classname="com.selflearn.automation.MultipleTestExecution"/>
  <testcase name="setUp" time="0.0" classname="com.selflearn.automation.MultipleTestExecution"/>
  <testcase name="GoogleTest" time="10.293" classname="com.selflearn.automation.ListenerDemoExample"/>
</testsuite> <!-- Test -->
