<?xml version="1.0" encoding="UTF-8"?>
<testng-results skipped="0" failed="0" total="3" passed="3">
  <reporter-output>
    <line>
      <![CDATA[Test2 is executed via Thread and Thread Id is 1]]>
    </line>
    <line>
      <![CDATA[Test3 is executed via Thread and Thread Id is 1]]>
    </line>
    <line>
      <![CDATA[Test1 is executed via Thread and Thread Id is 1]]>
    </line>
  </reporter-output>
  <suite name="Default suite" duration-ms="30" started-at="2018-08-08T14:10:31Z" finished-at="2018-08-08T14:10:32Z">
    <groups>
    </groups>
    <test name="Default test" duration-ms="30" started-at="2018-08-08T14:10:31Z" finished-at="2018-08-08T14:10:32Z">
      <class name="com.selflearn.automation.MultipleTestExecution">
        <test-method status="PASS" signature="loginApplication()[pri:0, instance:com.selflearn.automation.MultipleTestExecution@724af044]" name="loginApplication" duration-ms="9" started-at="2018-08-08T19:40:31Z" finished-at="2018-08-08T19:40:32Z">
          <reporter-output>
            <line>
              <![CDATA[Test2 is executed via Thread and Thread Id is 1]]>
            </line>
          </reporter-output>
        </test-method> <!-- loginApplication -->
        <test-method status="PASS" signature="logoutApplication()[pri:0, instance:com.selflearn.automation.MultipleTestExecution@724af044]" name="logoutApplication" duration-ms="3" started-at="2018-08-08T19:40:32Z" finished-at="2018-08-08T19:40:32Z">
          <reporter-output>
            <line>
              <![CDATA[Test3 is executed via Thread and Thread Id is 1]]>
            </line>
          </reporter-output>
        </test-method> <!-- logoutApplication -->
        <test-method status="PASS" signature="setUp()[pri:0, instance:com.selflearn.automation.MultipleTestExecution@724af044]" name="setUp" duration-ms="2" started-at="2018-08-08T19:40:32Z" finished-at="2018-08-08T19:40:32Z">
          <reporter-output>
            <line>
              <![CDATA[Test1 is executed via Thread and Thread Id is 1]]>
            </line>
          </reporter-output>
        </test-method> <!-- setUp -->
      </class> <!-- com.selflearn.automation.MultipleTestExecution -->
    </test> <!-- Default test -->
  </suite> <!-- Default suite -->
</testng-results>
